
-- CEED Benchmark Problem 1 -- libCEED + PETSc --
  PETSc:
    PETSc Vec Type                     : seq
  libCEED:
    libCEED Backend                    : /cpu/self/avx/blocked
    libCEED Backend MemType            : host
  Mesh:
    Number of 1D Basis Nodes (P)       : 2
    Number of 1D Quadrature Points (Q) : 3
    Global nodes                       : 1331
    Process Decomposition              : 1 1 1
    Local Elements                     : 1000 = 10 10 10
    Owned nodes                        : 1331 = 11 11 11
    DoF per node                       : 1
  KSP:
    KSP Type                           : cg
    KSP Convergence                    : DIVERGED_ITS
    Total KSP Iterations               : 20
    Final rnorm                        : 3.042095e-08
  Performance:
    Pointwise Error (max)              : 1.088768e-02
    CG Solve Time                      : 0.0132508 (0.0132508) sec
    DoFs/Sec in CG                     : 2.00893 (2.00893) million
